2019-06-29 12:19:48,213 INFO  [main] com.stock.oauth2.authserver.AuthServer : No active profile set, falling back to default profiles: default
2019-06-29 12:19:49,126 INFO  [main] org.springframework.data.repository.config.RepositoryConfigurationDelegate : Bootstrapping Spring Data repositories in DEFAULT mode.
2019-06-29 12:19:49,154 INFO  [main] org.springframework.data.repository.config.RepositoryConfigurationDelegate : Finished Spring Data repository scanning in 20ms. Found 0 repository interfaces.
2019-06-29 12:19:49,369 INFO  [main] org.springframework.cloud.context.scope.GenericScope : BeanFactory id=d0919173-7f78-35e1-8de5-5fe68f854f36
2019-06-29 12:19:49,458 INFO  [main] org.springframework.context.support.PostProcessorRegistrationDelegate$BeanPostProcessorChecker : Bean 'org.springframework.cloud.autoconfigure.ConfigurationPropertiesRebinderAutoConfiguration' of type [org.springframework.cloud.autoconfigure.ConfigurationPropertiesRebinderAutoConfiguration$$EnhancerBySpringCGLIB$$359acbb5] is not eligible for getting processed by all BeanPostProcessors (for example: not eligible for auto-proxying)
2019-06-29 12:19:49,812 INFO  [main] org.springframework.boot.web.embedded.tomcat.TomcatWebServer : Tomcat initialized with port(s): 8088 (http)
2019-06-29 12:19:49,848 INFO  [main] org.apache.catalina.core.StandardService : Starting service [Tomcat]
2019-06-29 12:19:49,848 INFO  [main] org.apache.catalina.core.StandardEngine : Starting Servlet engine: [Apache Tomcat/9.0.19]
2019-06-29 12:19:50,138 INFO  [main] org.apache.catalina.core.ContainerBase.[Tomcat].[localhost].[/] : Initializing Spring embedded WebApplicationContext
2019-06-29 12:19:50,139 DEBUG [main] org.springframework.web.context.ContextLoader : Published root WebApplicationContext as ServletContext attribute with name [org.springframework.web.context.WebApplicationContext.ROOT]
2019-06-29 12:19:50,139 INFO  [main] org.springframework.web.context.ContextLoader : Root WebApplicationContext: initialization completed in 1904 ms
2019-06-29 12:19:50,569 INFO  [main] org.mongodb.driver.cluster : Cluster created with settings {hosts=[127.0.0.1:27017], mode=MULTIPLE, requiredClusterType=UNKNOWN, serverSelectionTimeout='30000 ms', maxWaitQueueSize=500}
2019-06-29 12:19:50,569 INFO  [main] org.mongodb.driver.cluster : Adding discovered server 127.0.0.1:27017 to client view of cluster
2019-06-29 12:19:50,664 INFO  [cluster-ClusterId{value='5d170a0e218fe16aa1c0cfdf', description='null'}-127.0.0.1:27017] org.mongodb.driver.connection : Opened connection [connectionId{localValue:1, serverValue:402}] to 127.0.0.1:27017
2019-06-29 12:19:50,674 INFO  [cluster-ClusterId{value='5d170a0e218fe16aa1c0cfdf', description='null'}-127.0.0.1:27017] org.mongodb.driver.cluster : Monitor thread successfully connected to server with description ServerDescription{address=127.0.0.1:27017, type=STANDALONE, state=CONNECTED, ok=true, version=ServerVersion{versionList=[4, 0, 7]}, minWireVersion=0, maxWireVersion=7, maxDocumentSize=16777216, logicalSessionTimeoutMinutes=30, roundTripTimeNanos=7094474}
2019-06-29 12:19:50,684 INFO  [cluster-ClusterId{value='5d170a0e218fe16aa1c0cfdf', description='null'}-127.0.0.1:27017] org.mongodb.driver.cluster : Discovered cluster type of STANDALONE
2019-06-29 12:19:51,314 INFO  [main] com.stock.oauth2.authserver.conf.OAuthTokenStoreConfig : Initializing with Mongo token store ...
2019-06-29 12:19:51,524 INFO  [main] org.mongodb.driver.connection : Opened connection [connectionId{localValue:2, serverValue:403}] to 127.0.0.1:27017
2019-06-29 12:19:53,497 DEBUG [main] org.springframework.web.servlet.handler.SimpleUrlHandlerMapping : Patterns [/**/favicon.ico] in 'faviconHandlerMapping'
2019-06-29 12:19:53,620 INFO  [main] org.springframework.scheduling.concurrent.ThreadPoolTaskExecutor : Initializing ExecutorService 'applicationTaskExecutor'
2019-06-29 12:19:53,629 DEBUG [main] org.springframework.web.servlet.mvc.method.annotation.RequestMappingHandlerAdapter : ControllerAdvice beans: 0 @ModelAttribute, 0 @InitBinder, 1 RequestBodyAdvice, 1 ResponseBodyAdvice
2019-06-29 12:19:53,688 DEBUG [main] org.springframework.web.servlet.mvc.method.annotation.RequestMappingHandlerMapping : 2 mappings in 'requestMappingHandlerMapping'
2019-06-29 12:19:53,709 DEBUG [main] org.springframework.web.servlet.handler.SimpleUrlHandlerMapping : Patterns [/webjars/**, /**] in 'resourceHandlerMapping'
2019-06-29 12:19:53,724 DEBUG [main] org.springframework.web.servlet.mvc.method.annotation.ExceptionHandlerExceptionResolver : ControllerAdvice beans: 0 @ExceptionHandler, 1 ResponseBodyAdvice
2019-06-29 12:19:54,317 INFO  [main] org.springframework.security.web.DefaultSecurityFilterChain : Creating filter chain: OrRequestMatcher [requestMatchers=[Ant [pattern='/oauth/token'], Ant [pattern='/oauth/token_key'], Ant [pattern='/oauth/check_token']]], [org.springframework.security.web.context.request.async.WebAsyncManagerIntegrationFilter@70dc7d44, org.springframework.security.web.context.SecurityContextPersistenceFilter@e8961e2, org.springframework.security.web.header.HeaderWriterFilter@6a73f318, org.springframework.security.web.authentication.logout.LogoutFilter@371d9331, org.springframework.security.oauth2.provider.client.ClientCredentialsTokenEndpointFilter@7e9ae1a2, org.springframework.security.web.authentication.www.BasicAuthenticationFilter@7a2e29aa, org.springframework.security.web.savedrequest.RequestCacheAwareFilter@36c60c47, org.springframework.security.web.servletapi.SecurityContextHolderAwareRequestFilter@61f0a23, org.springframework.security.web.authentication.AnonymousAuthenticationFilter@4389520b, org.springframework.security.web.session.SessionManagementFilter@4a8b4e75, org.springframework.security.web.access.ExceptionTranslationFilter@59476acf, org.springframework.security.web.access.intercept.FilterSecurityInterceptor@4c5b4c79]
2019-06-29 12:19:54,334 INFO  [main] org.springframework.security.web.DefaultSecurityFilterChain : Creating filter chain: any request, [org.springframework.security.web.context.request.async.WebAsyncManagerIntegrationFilter@357d672b, org.springframework.security.web.context.SecurityContextPersistenceFilter@6da0eb3c, org.springframework.security.web.header.HeaderWriterFilter@262a4fbd, org.springframework.security.web.csrf.CsrfFilter@44a881c7, org.springframework.security.web.authentication.logout.LogoutFilter@5f6e9ef1, org.springframework.security.web.savedrequest.RequestCacheAwareFilter@3ecd1bc3, org.springframework.security.web.servletapi.SecurityContextHolderAwareRequestFilter@4a6efc00, org.springframework.security.web.authentication.AnonymousAuthenticationFilter@63b86144, org.springframework.security.web.session.SessionManagementFilter@e636ec2, org.springframework.security.web.access.ExceptionTranslationFilter@43a21398]
2019-06-29 12:19:54,366 INFO  [main] org.springframework.boot.actuate.endpoint.web.EndpointLinksResolver : Exposing 2 endpoint(s) beneath base path '/actuator'
2019-06-29 12:19:54,570 INFO  [main] org.springframework.boot.web.embedded.tomcat.TomcatWebServer : Tomcat started on port(s): 8088 (http) with context path ''
2019-06-29 12:19:54,574 INFO  [main] com.stock.oauth2.authserver.AuthServer : Started AuthServer in 8.203 seconds (JVM running for 21.53)
2019-06-29 12:20:56,583 INFO  [http-nio-8088-exec-1] org.apache.catalina.core.ContainerBase.[Tomcat].[localhost].[/] : Initializing Spring DispatcherServlet 'dispatcherServlet'
2019-06-29 12:20:56,584 INFO  [http-nio-8088-exec-1] org.springframework.web.servlet.DispatcherServlet : Initializing Servlet 'dispatcherServlet'
2019-06-29 12:20:56,588 DEBUG [http-nio-8088-exec-1] org.springframework.web.servlet.DispatcherServlet : Detected StandardServletMultipartResolver
2019-06-29 12:20:56,602 DEBUG [http-nio-8088-exec-1] org.springframework.web.servlet.DispatcherServlet : enableLoggingRequestDetails='false': request parameters and headers will be masked to prevent unsafe logging of potentially sensitive data
2019-06-29 12:20:56,604 INFO  [http-nio-8088-exec-1] org.springframework.web.servlet.DispatcherServlet : Completed initialization in 16 ms
2019-06-29 12:20:56,821 DEBUG [http-nio-8088-exec-1] org.springframework.web.servlet.DispatcherServlet : POST "/oauth/token", parameters={masked}
2019-06-29 12:20:57,576 DEBUG [http-nio-8088-exec-1] org.springframework.web.servlet.mvc.method.annotation.HttpEntityMethodProcessor : Found 'Content-Type:application/json;charset=UTF-8' in response
2019-06-29 12:20:57,605 DEBUG [http-nio-8088-exec-1] org.springframework.web.servlet.mvc.method.annotation.HttpEntityMethodProcessor : Writing [0b7a4595-26e3-4386-a247-245b6c087cb4]
2019-06-29 12:20:57,646 DEBUG [http-nio-8088-exec-1] org.springframework.web.servlet.DispatcherServlet : Completed 200 OK
2019-06-29 12:46:50,430 DEBUG [http-nio-8088-exec-2] org.springframework.web.servlet.DispatcherServlet : POST "/oauth/check_token", parameters={masked}
2019-06-29 12:46:50,450 DEBUG [http-nio-8088-exec-2] org.springframework.web.servlet.mvc.method.annotation.ExceptionHandlerExceptionResolver : Using @ExceptionHandler org.springframework.security.oauth2.provider.endpoint.CheckTokenEndpoint#handleException(Exception)
2019-06-29 12:46:50,451 INFO  [http-nio-8088-exec-2] org.springframework.security.oauth2.provider.endpoint.CheckTokenEndpoint : Handling error: InvalidTokenException, Token was not recognised
2019-06-29 12:46:50,465 DEBUG [http-nio-8088-exec-2] org.springframework.web.servlet.mvc.method.annotation.HttpEntityMethodProcessor : Using 'application/json', given [application/json, application/*+json] and supported [application/json, application/*+json, application/json, application/*+json]
2019-06-29 12:46:50,468 DEBUG [http-nio-8088-exec-2] org.springframework.web.servlet.mvc.method.annotation.HttpEntityMethodProcessor : Writing [error="invalid_token", error_description="Token was not recognised"]
2019-06-29 12:46:50,505 DEBUG [http-nio-8088-exec-2] org.springframework.web.servlet.mvc.method.annotation.ExceptionHandlerExceptionResolver : Resolved [error="invalid_token", error_description="Token was not recognised"]
2019-06-29 12:46:50,508 DEBUG [http-nio-8088-exec-2] org.springframework.web.servlet.DispatcherServlet : Completed 400 BAD_REQUEST
2019-06-29 12:46:59,195 DEBUG [http-nio-8088-exec-6] org.springframework.web.servlet.DispatcherServlet : POST "/oauth/token", parameters={masked}
2019-06-29 12:46:59,240 DEBUG [http-nio-8088-exec-6] org.springframework.web.servlet.mvc.method.annotation.HttpEntityMethodProcessor : Found 'Content-Type:application/json;charset=UTF-8' in response
2019-06-29 12:46:59,241 DEBUG [http-nio-8088-exec-6] org.springframework.web.servlet.mvc.method.annotation.HttpEntityMethodProcessor : Writing [0b7a4595-26e3-4386-a247-245b6c087cb4]
2019-06-29 12:46:59,244 DEBUG [http-nio-8088-exec-6] org.springframework.web.servlet.DispatcherServlet : Completed 200 OK
2019-06-29 12:47:18,477 DEBUG [http-nio-8088-exec-5] org.springframework.web.servlet.DispatcherServlet : POST "/oauth/check_token", parameters={masked}
2019-06-29 12:47:18,494 DEBUG [http-nio-8088-exec-5] org.springframework.web.servlet.mvc.method.annotation.RequestResponseBodyMethodProcessor : Using 'application/json', given [application/json, application/*+json] and supported [application/json, application/*+json, application/json, application/*+json]
2019-06-29 12:47:18,495 DEBUG [http-nio-8088-exec-5] org.springframework.web.servlet.mvc.method.annotation.RequestResponseBodyMethodProcessor : Writing [{aud=[oauth], user_name=ram, scope=[other, read, write], active=true, exp=1561834256, authorities=[A (truncated)...]
2019-06-29 12:47:18,522 DEBUG [http-nio-8088-exec-5] org.springframework.web.servlet.DispatcherServlet : Completed 200 OK
2019-06-29 12:48:12,871 DEBUG [http-nio-8088-exec-8] org.springframework.web.servlet.DispatcherServlet : POST "/oauth/check_token", parameters={masked}
2019-06-29 12:48:12,881 DEBUG [http-nio-8088-exec-8] org.springframework.web.servlet.mvc.method.annotation.RequestResponseBodyMethodProcessor : Using 'application/json', given [application/json, application/*+json] and supported [application/json, application/*+json, application/json, application/*+json]
2019-06-29 12:48:12,882 DEBUG [http-nio-8088-exec-8] org.springframework.web.servlet.mvc.method.annotation.RequestResponseBodyMethodProcessor : Writing [{aud=[oauth], user_name=ram, scope=[other, read, write], active=true, exp=1561834256, authorities=[A (truncated)...]
2019-06-29 12:48:12,884 DEBUG [http-nio-8088-exec-8] org.springframework.web.servlet.DispatcherServlet : Completed 200 OK
2019-06-29 12:48:35,447 DEBUG [http-nio-8088-exec-3] org.springframework.web.servlet.DispatcherServlet : POST "/oauth/check_token", parameters={masked}
2019-06-29 12:48:35,460 DEBUG [http-nio-8088-exec-3] org.springframework.web.servlet.mvc.method.annotation.RequestResponseBodyMethodProcessor : Using 'application/json', given [application/json, application/*+json] and supported [application/json, application/*+json, application/json, application/*+json]
2019-06-29 12:48:35,461 DEBUG [http-nio-8088-exec-3] org.springframework.web.servlet.mvc.method.annotation.RequestResponseBodyMethodProcessor : Writing [{aud=[oauth], user_name=ram, scope=[other, read, write], active=true, exp=1561834256, authorities=[A (truncated)...]
2019-06-29 12:48:35,464 DEBUG [http-nio-8088-exec-3] org.springframework.web.servlet.DispatcherServlet : Completed 200 OK
2019-06-29 12:49:45,101 DEBUG [http-nio-8088-exec-1] org.springframework.web.servlet.DispatcherServlet : POST "/oauth/check_token", parameters={masked}
2019-06-29 12:49:45,114 DEBUG [http-nio-8088-exec-1] org.springframework.web.servlet.mvc.method.annotation.RequestResponseBodyMethodProcessor : Using 'application/json', given [application/json, application/*+json] and supported [application/json, application/*+json, application/json, application/*+json]
2019-06-29 12:49:45,115 DEBUG [http-nio-8088-exec-1] org.springframework.web.servlet.mvc.method.annotation.RequestResponseBodyMethodProcessor : Writing [{aud=[oauth], user_name=ram, scope=[other, read, write], active=true, exp=1561834256, authorities=[A (truncated)...]
2019-06-29 12:49:45,118 DEBUG [http-nio-8088-exec-1] org.springframework.web.servlet.DispatcherServlet : Completed 200 OK
2019-06-29 12:52:41,370 DEBUG [http-nio-8088-exec-2] org.springframework.web.servlet.DispatcherServlet : POST "/oauth/check_token", parameters={masked}
2019-06-29 12:52:41,381 DEBUG [http-nio-8088-exec-2] org.springframework.web.servlet.mvc.method.annotation.RequestResponseBodyMethodProcessor : Using 'application/json', given [application/json, application/*+json] and supported [application/json, application/*+json, application/json, application/*+json]
2019-06-29 12:52:41,382 DEBUG [http-nio-8088-exec-2] org.springframework.web.servlet.mvc.method.annotation.RequestResponseBodyMethodProcessor : Writing [{aud=[oauth], user_name=ram, scope=[other, read, write], active=true, exp=1561834256, authorities=[A (truncated)...]
2019-06-29 12:52:41,385 DEBUG [http-nio-8088-exec-2] org.springframework.web.servlet.DispatcherServlet : Completed 200 OK
2019-06-29 12:55:44,548 DEBUG [http-nio-8088-exec-7] org.springframework.web.servlet.DispatcherServlet : POST "/oauth/check_token", parameters={masked}
2019-06-29 12:55:44,559 DEBUG [http-nio-8088-exec-7] org.springframework.web.servlet.mvc.method.annotation.RequestResponseBodyMethodProcessor : Using 'application/json', given [application/json, application/*+json] and supported [application/json, application/*+json, application/json, application/*+json]
2019-06-29 12:55:44,559 DEBUG [http-nio-8088-exec-7] org.springframework.web.servlet.mvc.method.annotation.RequestResponseBodyMethodProcessor : Writing [{aud=[oauth], user_name=ram, scope=[other, read, write], active=true, exp=1561834256, authorities=[A (truncated)...]
2019-06-29 12:55:44,564 DEBUG [http-nio-8088-exec-7] org.springframework.web.servlet.DispatcherServlet : Completed 200 OK
2019-06-29 12:58:48,438 DEBUG [http-nio-8088-exec-9] org.springframework.web.servlet.DispatcherServlet : POST "/oauth/token", parameters={masked}
2019-06-29 12:58:48,537 DEBUG [http-nio-8088-exec-9] org.springframework.web.servlet.mvc.method.annotation.ExceptionHandlerExceptionResolver : Using @ExceptionHandler org.springframework.security.oauth2.provider.endpoint.TokenEndpoint#handleException(OAuth2Exception)
2019-06-29 12:58:48,538 WARN  [http-nio-8088-exec-9] org.springframework.security.oauth2.provider.endpoint.TokenEndpoint : Handling error: InvalidGrantException, Bad credentials
2019-06-29 12:58:48,542 DEBUG [http-nio-8088-exec-9] org.springframework.web.servlet.mvc.method.annotation.HttpEntityMethodProcessor : Using 'application/json', given [*/*] and supported [application/json, application/*+json, application/json, application/*+json]
2019-06-29 12:58:48,544 DEBUG [http-nio-8088-exec-9] org.springframework.web.servlet.mvc.method.annotation.HttpEntityMethodProcessor : Writing [error="invalid_grant", error_description="Bad credentials"]
2019-06-29 12:58:48,550 DEBUG [http-nio-8088-exec-9] org.springframework.web.servlet.mvc.method.annotation.ExceptionHandlerExceptionResolver : Resolved [error="invalid_grant", error_description="Bad credentials"]
2019-06-29 12:58:48,552 DEBUG [http-nio-8088-exec-9] org.springframework.web.servlet.DispatcherServlet : Completed 400 BAD_REQUEST
2019-06-29 12:59:45,387 DEBUG [http-nio-8088-exec-8] org.springframework.web.servlet.DispatcherServlet : POST "/oauth/token", parameters={masked}
2019-06-29 12:59:45,414 DEBUG [http-nio-8088-exec-8] org.springframework.web.servlet.mvc.method.annotation.HttpEntityMethodProcessor : Found 'Content-Type:application/json;charset=UTF-8' in response
2019-06-29 12:59:45,416 DEBUG [http-nio-8088-exec-8] org.springframework.web.servlet.mvc.method.annotation.HttpEntityMethodProcessor : Writing [a9b818b1-0c6c-4288-82f4-747dc2ecf37f]
2019-06-29 12:59:45,418 DEBUG [http-nio-8088-exec-8] org.springframework.web.servlet.DispatcherServlet : Completed 200 OK
2019-06-29 13:03:46,958 DEBUG [http-nio-8088-exec-1] org.springframework.web.servlet.DispatcherServlet : POST "/oauth/check_token", parameters={masked}
2019-06-29 13:03:46,963 DEBUG [http-nio-8088-exec-1] org.springframework.web.servlet.mvc.method.annotation.ExceptionHandlerExceptionResolver : Using @ExceptionHandler org.springframework.security.oauth2.provider.endpoint.CheckTokenEndpoint#handleException(Exception)
2019-06-29 13:03:46,964 INFO  [http-nio-8088-exec-1] org.springframework.security.oauth2.provider.endpoint.CheckTokenEndpoint : Handling error: InvalidTokenException, Token was not recognised
2019-06-29 13:03:46,968 DEBUG [http-nio-8088-exec-1] org.springframework.web.servlet.mvc.method.annotation.HttpEntityMethodProcessor : Using 'application/json', given [application/json, application/*+json] and supported [application/json, application/*+json, application/json, application/*+json]
2019-06-29 13:03:46,969 DEBUG [http-nio-8088-exec-1] org.springframework.web.servlet.mvc.method.annotation.HttpEntityMethodProcessor : Writing [error="invalid_token", error_description="Token was not recognised"]
2019-06-29 13:03:46,973 DEBUG [http-nio-8088-exec-1] org.springframework.web.servlet.mvc.method.annotation.ExceptionHandlerExceptionResolver : Resolved [error="invalid_token", error_description="Token was not recognised"]
2019-06-29 13:03:46,976 DEBUG [http-nio-8088-exec-1] org.springframework.web.servlet.DispatcherServlet : Completed 400 BAD_REQUEST
2019-06-29 13:04:06,482 DEBUG [http-nio-8088-exec-2] org.springframework.web.servlet.DispatcherServlet : POST "/oauth/token", parameters={masked}
2019-06-29 13:04:06,507 DEBUG [http-nio-8088-exec-2] org.springframework.web.servlet.mvc.method.annotation.HttpEntityMethodProcessor : Found 'Content-Type:application/json;charset=UTF-8' in response
2019-06-29 13:04:06,508 DEBUG [http-nio-8088-exec-2] org.springframework.web.servlet.mvc.method.annotation.HttpEntityMethodProcessor : Writing [a9b818b1-0c6c-4288-82f4-747dc2ecf37f]
2019-06-29 13:04:06,510 DEBUG [http-nio-8088-exec-2] org.springframework.web.servlet.DispatcherServlet : Completed 200 OK
2019-06-29 13:04:24,825 DEBUG [http-nio-8088-exec-7] org.springframework.web.servlet.DispatcherServlet : POST "/oauth/check_token", parameters={masked}
2019-06-29 13:04:24,829 DEBUG [http-nio-8088-exec-7] org.springframework.web.servlet.mvc.method.annotation.ExceptionHandlerExceptionResolver : Using @ExceptionHandler org.springframework.security.oauth2.provider.endpoint.CheckTokenEndpoint#handleException(Exception)
2019-06-29 13:04:24,829 INFO  [http-nio-8088-exec-7] org.springframework.security.oauth2.provider.endpoint.CheckTokenEndpoint : Handling error: InvalidTokenException, Token was not recognised
2019-06-29 13:04:24,832 DEBUG [http-nio-8088-exec-7] org.springframework.web.servlet.mvc.method.annotation.HttpEntityMethodProcessor : Using 'application/json', given [application/json, application/*+json] and supported [application/json, application/*+json, application/json, application/*+json]
2019-06-29 13:04:24,835 DEBUG [http-nio-8088-exec-7] org.springframework.web.servlet.mvc.method.annotation.HttpEntityMethodProcessor : Writing [error="invalid_token", error_description="Token was not recognised"]
2019-06-29 13:04:24,837 DEBUG [http-nio-8088-exec-7] org.springframework.web.servlet.mvc.method.annotation.ExceptionHandlerExceptionResolver : Resolved [error="invalid_token", error_description="Token was not recognised"]
2019-06-29 13:04:24,839 DEBUG [http-nio-8088-exec-7] org.springframework.web.servlet.DispatcherServlet : Completed 400 BAD_REQUEST
2019-06-29 13:04:36,101 DEBUG [http-nio-8088-exec-6] org.springframework.web.servlet.DispatcherServlet : POST "/oauth/check_token", parameters={masked}
2019-06-29 13:04:36,113 DEBUG [http-nio-8088-exec-6] org.springframework.web.servlet.mvc.method.annotation.RequestResponseBodyMethodProcessor : Using 'application/json', given [application/json, application/*+json] and supported [application/json, application/*+json, application/json, application/*+json]
2019-06-29 13:04:36,115 DEBUG [http-nio-8088-exec-6] org.springframework.web.servlet.mvc.method.annotation.RequestResponseBodyMethodProcessor : Writing [{aud=[oauth], user_name=ramtest, scope=[read, write], active=true, exp=1561836585, authorities=[USER (truncated)...]
2019-06-29 13:04:36,120 DEBUG [http-nio-8088-exec-6] org.springframework.web.servlet.DispatcherServlet : Completed 200 OK
2019-06-29 13:26:24,848 DEBUG [http-nio-8088-exec-9] org.springframework.web.servlet.DispatcherServlet : POST "/oauth/check_token", parameters={masked}
2019-06-29 13:26:24,860 DEBUG [http-nio-8088-exec-9] org.springframework.web.servlet.mvc.method.annotation.RequestResponseBodyMethodProcessor : Using 'application/json', given [application/json, application/*+json] and supported [application/json, application/*+json, application/json, application/*+json]
2019-06-29 13:26:24,861 DEBUG [http-nio-8088-exec-9] org.springframework.web.servlet.mvc.method.annotation.RequestResponseBodyMethodProcessor : Writing [{aud=[oauth], user_name=ramtest, scope=[read, write], active=true, exp=1561836585, authorities=[USER (truncated)...]
2019-06-29 13:26:24,863 DEBUG [http-nio-8088-exec-9] org.springframework.web.servlet.DispatcherServlet : Completed 200 OK
2019-06-29 13:31:13,913 DEBUG [http-nio-8088-exec-8] org.springframework.web.servlet.DispatcherServlet : POST "/oauth/check_token", parameters={masked}
2019-06-29 13:31:13,923 DEBUG [http-nio-8088-exec-8] org.springframework.web.servlet.mvc.method.annotation.RequestResponseBodyMethodProcessor : Using 'application/json', given [application/json, application/*+json] and supported [application/json, application/*+json, application/json, application/*+json]
2019-06-29 13:31:13,923 DEBUG [http-nio-8088-exec-8] org.springframework.web.servlet.mvc.method.annotation.RequestResponseBodyMethodProcessor : Writing [{aud=[oauth], user_name=ramtest, scope=[read, write], active=true, exp=1561836585, authorities=[USER (truncated)...]
2019-06-29 13:31:13,925 DEBUG [http-nio-8088-exec-8] org.springframework.web.servlet.DispatcherServlet : Completed 200 OK
2019-06-29 13:32:04,417 DEBUG [http-nio-8088-exec-1] org.springframework.web.servlet.DispatcherServlet : POST "/oauth/check_token", parameters={masked}
2019-06-29 13:32:04,425 DEBUG [http-nio-8088-exec-1] org.springframework.web.servlet.mvc.method.annotation.RequestResponseBodyMethodProcessor : Using 'application/json', given [application/json, application/*+json] and supported [application/json, application/*+json, application/json, application/*+json]
2019-06-29 13:32:04,426 DEBUG [http-nio-8088-exec-1] org.springframework.web.servlet.mvc.method.annotation.RequestResponseBodyMethodProcessor : Writing [{aud=[oauth], user_name=ramtest, scope=[read, write], active=true, exp=1561836585, authorities=[USER (truncated)...]
2019-06-29 13:32:04,428 DEBUG [http-nio-8088-exec-1] org.springframework.web.servlet.DispatcherServlet : Completed 200 OK
2019-06-29 13:33:22,538 DEBUG [http-nio-8088-exec-2] org.springframework.web.servlet.DispatcherServlet : POST "/oauth/check_token", parameters={masked}
2019-06-29 13:33:22,546 DEBUG [http-nio-8088-exec-2] org.springframework.web.servlet.mvc.method.annotation.RequestResponseBodyMethodProcessor : Using 'application/json', given [application/json, application/*+json] and supported [application/json, application/*+json, application/json, application/*+json]
2019-06-29 13:33:22,547 DEBUG [http-nio-8088-exec-2] org.springframework.web.servlet.mvc.method.annotation.RequestResponseBodyMethodProcessor : Writing [{aud=[oauth], user_name=ramtest, scope=[read, write], active=true, exp=1561836585, authorities=[USER (truncated)...]
2019-06-29 13:33:22,550 DEBUG [http-nio-8088-exec-2] org.springframework.web.servlet.DispatcherServlet : Completed 200 OK
2019-06-29 13:34:00,604 DEBUG [http-nio-8088-exec-6] org.springframework.web.servlet.DispatcherServlet : POST "/oauth/check_token", parameters={masked}
2019-06-29 13:34:00,614 DEBUG [http-nio-8088-exec-6] org.springframework.web.servlet.mvc.method.annotation.RequestResponseBodyMethodProcessor : Using 'application/json', given [application/json, application/*+json] and supported [application/json, application/*+json, application/json, application/*+json]
2019-06-29 13:34:00,616 DEBUG [http-nio-8088-exec-6] org.springframework.web.servlet.mvc.method.annotation.RequestResponseBodyMethodProcessor : Writing [{aud=[oauth], user_name=ramtest, scope=[read, write], active=true, exp=1561836585, authorities=[USER (truncated)...]
2019-06-29 13:34:00,618 DEBUG [http-nio-8088-exec-6] org.springframework.web.servlet.DispatcherServlet : Completed 200 OK
2019-06-29 13:35:16,926 DEBUG [http-nio-8088-exec-9] org.springframework.web.servlet.DispatcherServlet : POST "/oauth/check_token", parameters={masked}
2019-06-29 13:35:16,935 DEBUG [http-nio-8088-exec-9] org.springframework.web.servlet.mvc.method.annotation.RequestResponseBodyMethodProcessor : Using 'application/json', given [application/json, application/*+json] and supported [application/json, application/*+json, application/json, application/*+json]
2019-06-29 13:35:16,936 DEBUG [http-nio-8088-exec-9] org.springframework.web.servlet.mvc.method.annotation.RequestResponseBodyMethodProcessor : Writing [{aud=[oauth], user_name=ramtest, scope=[read, write], active=true, exp=1561836585, authorities=[USER (truncated)...]
2019-06-29 13:35:16,941 DEBUG [http-nio-8088-exec-9] org.springframework.web.servlet.DispatcherServlet : Completed 200 OK
2019-06-29 13:35:21,333 DEBUG [http-nio-8088-exec-8] org.springframework.web.servlet.DispatcherServlet : POST "/oauth/token", parameters={masked}
2019-06-29 13:35:21,353 DEBUG [http-nio-8088-exec-8] org.springframework.web.servlet.mvc.method.annotation.HttpEntityMethodProcessor : Found 'Content-Type:application/json;charset=UTF-8' in response
2019-06-29 13:35:21,353 DEBUG [http-nio-8088-exec-8] org.springframework.web.servlet.mvc.method.annotation.HttpEntityMethodProcessor : Writing [a9b818b1-0c6c-4288-82f4-747dc2ecf37f]
2019-06-29 13:35:21,356 DEBUG [http-nio-8088-exec-8] org.springframework.web.servlet.DispatcherServlet : Completed 200 OK
2019-06-29 13:35:35,454 DEBUG [http-nio-8088-exec-3] org.springframework.web.servlet.DispatcherServlet : POST "/oauth/check_token", parameters={masked}
2019-06-29 13:35:35,464 DEBUG [http-nio-8088-exec-3] org.springframework.web.servlet.mvc.method.annotation.RequestResponseBodyMethodProcessor : Using 'application/json', given [application/json, application/*+json] and supported [application/json, application/*+json, application/json, application/*+json]
2019-06-29 13:35:35,465 DEBUG [http-nio-8088-exec-3] org.springframework.web.servlet.mvc.method.annotation.RequestResponseBodyMethodProcessor : Writing [{aud=[oauth], user_name=ramtest, scope=[read, write], active=true, exp=1561836585, authorities=[USER (truncated)...]
2019-06-29 13:35:35,468 DEBUG [http-nio-8088-exec-3] org.springframework.web.servlet.DispatcherServlet : Completed 200 OK
2019-06-29 13:39:34,327 DEBUG [http-nio-8088-exec-2] org.springframework.web.servlet.DispatcherServlet : POST "/oauth/check_token", parameters={masked}
2019-06-29 13:39:34,339 DEBUG [http-nio-8088-exec-2] org.springframework.web.servlet.mvc.method.annotation.RequestResponseBodyMethodProcessor : Using 'application/json', given [application/json, application/*+json] and supported [application/json, application/*+json, application/json, application/*+json]
2019-06-29 13:39:34,340 DEBUG [http-nio-8088-exec-2] org.springframework.web.servlet.mvc.method.annotation.RequestResponseBodyMethodProcessor : Writing [{aud=[oauth], user_name=ramtest, scope=[read, write], active=true, exp=1561836585, authorities=[USER (truncated)...]
2019-06-29 13:39:34,342 DEBUG [http-nio-8088-exec-2] org.springframework.web.servlet.DispatcherServlet : Completed 200 OK
2019-06-29 13:41:10,103 DEBUG [http-nio-8088-exec-6] org.springframework.web.servlet.DispatcherServlet : POST "/oauth/check_token", parameters={masked}
2019-06-29 13:41:10,112 DEBUG [http-nio-8088-exec-6] org.springframework.web.servlet.mvc.method.annotation.RequestResponseBodyMethodProcessor : Using 'application/json', given [application/json, application/*+json] and supported [application/json, application/*+json, application/json, application/*+json]
2019-06-29 13:41:10,113 DEBUG [http-nio-8088-exec-6] org.springframework.web.servlet.mvc.method.annotation.RequestResponseBodyMethodProcessor : Writing [{aud=[oauth], user_name=ramtest, scope=[read, write], active=true, exp=1561836585, authorities=[USER (truncated)...]
2019-06-29 13:41:10,116 DEBUG [http-nio-8088-exec-6] org.springframework.web.servlet.DispatcherServlet : Completed 200 OK
2019-06-29 13:42:25,399 DEBUG [http-nio-8088-exec-9] org.springframework.web.servlet.DispatcherServlet : POST "/oauth/check_token", parameters={masked}
2019-06-29 13:42:25,408 DEBUG [http-nio-8088-exec-9] org.springframework.web.servlet.mvc.method.annotation.RequestResponseBodyMethodProcessor : Using 'application/json', given [application/json, application/*+json] and supported [application/json, application/*+json, application/json, application/*+json]
2019-06-29 13:42:25,410 DEBUG [http-nio-8088-exec-9] org.springframework.web.servlet.mvc.method.annotation.RequestResponseBodyMethodProcessor : Writing [{aud=[oauth], user_name=ramtest, scope=[read, write], active=true, exp=1561836585, authorities=[USER (truncated)...]
2019-06-29 13:42:25,411 DEBUG [http-nio-8088-exec-9] org.springframework.web.servlet.DispatcherServlet : Completed 200 OK
2019-06-29 14:06:58,131 DEBUG [http-nio-8088-exec-8] org.springframework.web.servlet.DispatcherServlet : POST "/oauth/check_token", parameters={masked}
2019-06-29 14:06:58,143 DEBUG [http-nio-8088-exec-8] org.springframework.web.servlet.mvc.method.annotation.RequestResponseBodyMethodProcessor : Using 'application/json', given [application/json, application/*+json] and supported [application/json, application/*+json, application/json, application/*+json]
2019-06-29 14:06:58,144 DEBUG [http-nio-8088-exec-8] org.springframework.web.servlet.mvc.method.annotation.RequestResponseBodyMethodProcessor : Writing [{aud=[oauth], user_name=ramtest, scope=[read, write], active=true, exp=1561836585, authorities=[USER (truncated)...]
2019-06-29 14:06:58,146 DEBUG [http-nio-8088-exec-8] org.springframework.web.servlet.DispatcherServlet : Completed 200 OK
2019-06-29 14:08:08,460 DEBUG [http-nio-8088-exec-1] org.springframework.web.servlet.DispatcherServlet : POST "/oauth/check_token", parameters={masked}
2019-06-29 14:08:08,469 DEBUG [http-nio-8088-exec-1] org.springframework.web.servlet.mvc.method.annotation.RequestResponseBodyMethodProcessor : Using 'application/json', given [application/json, application/*+json] and supported [application/json, application/*+json, application/json, application/*+json]
2019-06-29 14:08:08,470 DEBUG [http-nio-8088-exec-1] org.springframework.web.servlet.mvc.method.annotation.RequestResponseBodyMethodProcessor : Writing [{aud=[oauth], user_name=ramtest, scope=[read, write], active=true, exp=1561836585, authorities=[USER (truncated)...]
2019-06-29 14:08:08,475 DEBUG [http-nio-8088-exec-1] org.springframework.web.servlet.DispatcherServlet : Completed 200 OK
2019-06-29 14:10:07,772 DEBUG [http-nio-8088-exec-2] org.springframework.web.servlet.DispatcherServlet : POST "/oauth/check_token", parameters={masked}
2019-06-29 14:10:07,782 DEBUG [http-nio-8088-exec-2] org.springframework.web.servlet.mvc.method.annotation.RequestResponseBodyMethodProcessor : Using 'application/json', given [application/json, application/*+json] and supported [application/json, application/*+json, application/json, application/*+json]
2019-06-29 14:10:07,783 DEBUG [http-nio-8088-exec-2] org.springframework.web.servlet.mvc.method.annotation.RequestResponseBodyMethodProcessor : Writing [{aud=[oauth], user_name=ramtest, scope=[read, write], active=true, exp=1561836585, authorities=[USER (truncated)...]
2019-06-29 14:10:07,785 DEBUG [http-nio-8088-exec-2] org.springframework.web.servlet.DispatcherServlet : Completed 200 OK
2019-06-29 14:11:12,255 DEBUG [http-nio-8088-exec-6] org.springframework.web.servlet.DispatcherServlet : POST "/oauth/check_token", parameters={masked}
2019-06-29 14:11:12,263 DEBUG [http-nio-8088-exec-6] org.springframework.web.servlet.mvc.method.annotation.RequestResponseBodyMethodProcessor : Using 'application/json', given [application/json, application/*+json] and supported [application/json, application/*+json, application/json, application/*+json]
2019-06-29 14:11:12,263 DEBUG [http-nio-8088-exec-6] org.springframework.web.servlet.mvc.method.annotation.RequestResponseBodyMethodProcessor : Writing [{aud=[oauth], user_name=ramtest, scope=[read, write], active=true, exp=1561836585, authorities=[USER (truncated)...]
2019-06-29 14:11:12,265 DEBUG [http-nio-8088-exec-6] org.springframework.web.servlet.DispatcherServlet : Completed 200 OK
2019-06-29 14:12:12,063 DEBUG [http-nio-8088-exec-9] org.springframework.web.servlet.DispatcherServlet : POST "/oauth/check_token", parameters={masked}
2019-06-29 14:12:12,072 DEBUG [http-nio-8088-exec-9] org.springframework.web.servlet.mvc.method.annotation.RequestResponseBodyMethodProcessor : Using 'application/json', given [application/json, application/*+json] and supported [application/json, application/*+json, application/json, application/*+json]
2019-06-29 14:12:12,073 DEBUG [http-nio-8088-exec-9] org.springframework.web.servlet.mvc.method.annotation.RequestResponseBodyMethodProcessor : Writing [{aud=[oauth], user_name=ramtest, scope=[read, write], active=true, exp=1561836585, authorities=[USER (truncated)...]
2019-06-29 14:12:12,077 DEBUG [http-nio-8088-exec-9] org.springframework.web.servlet.DispatcherServlet : Completed 200 OK
2019-06-29 14:13:10,759 DEBUG [http-nio-8088-exec-10] org.springframework.web.servlet.DispatcherServlet : POST "/oauth/check_token", parameters={masked}
2019-06-29 14:13:10,769 DEBUG [http-nio-8088-exec-10] org.springframework.web.servlet.mvc.method.annotation.RequestResponseBodyMethodProcessor : Using 'application/json', given [application/json, application/*+json] and supported [application/json, application/*+json, application/json, application/*+json]
2019-06-29 14:13:10,770 DEBUG [http-nio-8088-exec-10] org.springframework.web.servlet.mvc.method.annotation.RequestResponseBodyMethodProcessor : Writing [{aud=[oauth], user_name=ramtest, scope=[read, write], active=true, exp=1561836585, authorities=[USER (truncated)...]
2019-06-29 14:13:10,772 DEBUG [http-nio-8088-exec-10] org.springframework.web.servlet.DispatcherServlet : Completed 200 OK
2019-06-29 14:27:46,376 DEBUG [http-nio-8088-exec-3] org.springframework.web.servlet.DispatcherServlet : POST "/oauth/check_token", parameters={masked}
2019-06-29 14:27:46,381 DEBUG [http-nio-8088-exec-3] org.springframework.web.servlet.mvc.method.annotation.ExceptionHandlerExceptionResolver : Using @ExceptionHandler org.springframework.security.oauth2.provider.endpoint.CheckTokenEndpoint#handleException(Exception)
2019-06-29 14:27:46,382 INFO  [http-nio-8088-exec-3] org.springframework.security.oauth2.provider.endpoint.CheckTokenEndpoint : Handling error: InvalidTokenException, Token was not recognised
2019-06-29 14:27:46,384 DEBUG [http-nio-8088-exec-3] org.springframework.web.servlet.mvc.method.annotation.HttpEntityMethodProcessor : Using 'application/json', given [application/json, application/*+json] and supported [application/json, application/*+json, application/json, application/*+json]
2019-06-29 14:27:46,385 DEBUG [http-nio-8088-exec-3] org.springframework.web.servlet.mvc.method.annotation.HttpEntityMethodProcessor : Writing [error="invalid_token", error_description="Token was not recognised"]
2019-06-29 14:27:46,389 DEBUG [http-nio-8088-exec-3] org.springframework.web.servlet.mvc.method.annotation.ExceptionHandlerExceptionResolver : Resolved [error="invalid_token", error_description="Token was not recognised"]
2019-06-29 14:27:46,394 DEBUG [http-nio-8088-exec-3] org.springframework.web.servlet.DispatcherServlet : Completed 400 BAD_REQUEST
2019-06-29 14:27:53,089 DEBUG [http-nio-8088-exec-1] org.springframework.web.servlet.DispatcherServlet : POST "/oauth/check_token", parameters={masked}
2019-06-29 14:27:53,097 DEBUG [http-nio-8088-exec-1] org.springframework.web.servlet.mvc.method.annotation.RequestResponseBodyMethodProcessor : Using 'application/json', given [application/json, application/*+json] and supported [application/json, application/*+json, application/json, application/*+json]
2019-06-29 14:27:53,097 DEBUG [http-nio-8088-exec-1] org.springframework.web.servlet.mvc.method.annotation.RequestResponseBodyMethodProcessor : Writing [{aud=[oauth], user_name=ramtest, scope=[read, write], active=true, exp=1561836585, authorities=[USER (truncated)...]
2019-06-29 14:27:53,099 DEBUG [http-nio-8088-exec-1] org.springframework.web.servlet.DispatcherServlet : Completed 200 OK
2019-06-29 14:28:59,467 DEBUG [http-nio-8088-exec-2] org.springframework.web.servlet.DispatcherServlet : POST "/oauth/check_token", parameters={masked}
2019-06-29 14:28:59,475 DEBUG [http-nio-8088-exec-2] org.springframework.web.servlet.mvc.method.annotation.RequestResponseBodyMethodProcessor : Using 'application/json', given [application/json, application/*+json] and supported [application/json, application/*+json, application/json, application/*+json]
2019-06-29 14:28:59,475 DEBUG [http-nio-8088-exec-2] org.springframework.web.servlet.mvc.method.annotation.RequestResponseBodyMethodProcessor : Writing [{aud=[oauth], user_name=ramtest, scope=[read, write], active=true, exp=1561836585, authorities=[USER (truncated)...]
2019-06-29 14:28:59,478 DEBUG [http-nio-8088-exec-2] org.springframework.web.servlet.DispatcherServlet : Completed 200 OK
2019-06-29 14:45:15,943 DEBUG [http-nio-8088-exec-5] org.springframework.web.servlet.DispatcherServlet : POST "/oauth/token", parameters={masked}
2019-06-29 14:45:16,199 DEBUG [http-nio-8088-exec-5] org.springframework.web.servlet.mvc.method.annotation.HttpEntityMethodProcessor : Found 'Content-Type:application/json;charset=UTF-8' in response
2019-06-29 14:45:16,207 DEBUG [http-nio-8088-exec-5] org.springframework.web.servlet.mvc.method.annotation.HttpEntityMethodProcessor : Writing [a9b818b1-0c6c-4288-82f4-747dc2ecf37f]
2019-06-29 14:45:16,215 DEBUG [http-nio-8088-exec-5] org.springframework.web.servlet.DispatcherServlet : Completed 200 OK
2019-06-29 14:45:35,023 DEBUG [http-nio-8088-exec-9] org.springframework.web.servlet.DispatcherServlet : POST "/oauth/check_token", parameters={masked}
2019-06-29 14:45:35,100 DEBUG [http-nio-8088-exec-9] org.springframework.web.servlet.mvc.method.annotation.RequestResponseBodyMethodProcessor : Using 'application/json', given [application/json, application/*+json] and supported [application/json, application/*+json, application/json, application/*+json]
2019-06-29 14:45:35,101 DEBUG [http-nio-8088-exec-9] org.springframework.web.servlet.mvc.method.annotation.RequestResponseBodyMethodProcessor : Writing [{aud=[oauth], user_name=ramtest, scope=[read, write], active=true, exp=1561836585, authorities=[USER (truncated)...]
2019-06-29 14:45:35,104 DEBUG [http-nio-8088-exec-9] org.springframework.web.servlet.DispatcherServlet : Completed 200 OK
2019-06-29 14:54:43,087 DEBUG [http-nio-8088-exec-8] org.springframework.web.servlet.DispatcherServlet : POST "/oauth/check_token", parameters={masked}
2019-06-29 14:54:43,097 DEBUG [http-nio-8088-exec-8] org.springframework.web.servlet.mvc.method.annotation.RequestResponseBodyMethodProcessor : Using 'application/json', given [application/json, application/*+json] and supported [application/json, application/*+json, application/json, application/*+json]
2019-06-29 14:54:43,098 DEBUG [http-nio-8088-exec-8] org.springframework.web.servlet.mvc.method.annotation.RequestResponseBodyMethodProcessor : Writing [{aud=[oauth], user_name=ramtest, scope=[read, write], active=true, exp=1561836585, authorities=[USER (truncated)...]
2019-06-29 14:54:43,100 DEBUG [http-nio-8088-exec-8] org.springframework.web.servlet.DispatcherServlet : Completed 200 OK
2019-06-29 14:56:15,012 DEBUG [http-nio-8088-exec-1] org.springframework.web.servlet.DispatcherServlet : POST "/oauth/check_token", parameters={masked}
2019-06-29 14:56:15,020 DEBUG [http-nio-8088-exec-1] org.springframework.web.servlet.mvc.method.annotation.RequestResponseBodyMethodProcessor : Using 'application/json', given [application/json, application/*+json] and supported [application/json, application/*+json, application/json, application/*+json]
2019-06-29 14:56:15,021 DEBUG [http-nio-8088-exec-1] org.springframework.web.servlet.mvc.method.annotation.RequestResponseBodyMethodProcessor : Writing [{aud=[oauth], user_name=ramtest, scope=[read, write], active=true, exp=1561836585, authorities=[USER (truncated)...]
2019-06-29 14:56:15,026 DEBUG [http-nio-8088-exec-1] org.springframework.web.servlet.DispatcherServlet : Completed 200 OK
2019-06-29 15:00:47,706 DEBUG [http-nio-8088-exec-2] org.springframework.web.servlet.DispatcherServlet : POST "/oauth/check_token", parameters={masked}
2019-06-29 15:00:47,715 DEBUG [http-nio-8088-exec-2] org.springframework.web.servlet.mvc.method.annotation.RequestResponseBodyMethodProcessor : Using 'application/json', given [application/json, application/*+json] and supported [application/json, application/*+json, application/json, application/*+json]
2019-06-29 15:00:47,716 DEBUG [http-nio-8088-exec-2] org.springframework.web.servlet.mvc.method.annotation.RequestResponseBodyMethodProcessor : Writing [{aud=[oauth], user_name=ramtest, scope=[read, write], active=true, exp=1561836585, authorities=[USER (truncated)...]
2019-06-29 15:00:47,719 DEBUG [http-nio-8088-exec-2] org.springframework.web.servlet.DispatcherServlet : Completed 200 OK
2019-06-29 15:02:29,701 DEBUG [http-nio-8088-exec-6] org.springframework.web.servlet.DispatcherServlet : POST "/oauth/check_token", parameters={masked}
2019-06-29 15:02:29,709 DEBUG [http-nio-8088-exec-6] org.springframework.web.servlet.mvc.method.annotation.RequestResponseBodyMethodProcessor : Using 'application/json', given [application/json, application/*+json] and supported [application/json, application/*+json, application/json, application/*+json]
2019-06-29 15:02:29,710 DEBUG [http-nio-8088-exec-6] org.springframework.web.servlet.mvc.method.annotation.RequestResponseBodyMethodProcessor : Writing [{aud=[oauth], user_name=ramtest, scope=[read, write], active=true, exp=1561836585, authorities=[USER (truncated)...]
2019-06-29 15:02:29,713 DEBUG [http-nio-8088-exec-6] org.springframework.web.servlet.DispatcherServlet : Completed 200 OK
2019-06-29 15:08:26,038 DEBUG [http-nio-8088-exec-9] org.springframework.web.servlet.DispatcherServlet : POST "/oauth/check_token", parameters={masked}
2019-06-29 15:08:26,045 DEBUG [http-nio-8088-exec-9] org.springframework.web.servlet.mvc.method.annotation.RequestResponseBodyMethodProcessor : Using 'application/json', given [application/json, application/*+json] and supported [application/json, application/*+json, application/json, application/*+json]
2019-06-29 15:08:26,046 DEBUG [http-nio-8088-exec-9] org.springframework.web.servlet.mvc.method.annotation.RequestResponseBodyMethodProcessor : Writing [{aud=[oauth], user_name=ramtest, scope=[read, write], active=true, exp=1561836585, authorities=[USER (truncated)...]
2019-06-29 15:08:26,056 DEBUG [http-nio-8088-exec-9] org.springframework.web.servlet.DispatcherServlet : Completed 200 OK
2019-06-29 15:13:48,205 DEBUG [http-nio-8088-exec-8] org.springframework.web.servlet.DispatcherServlet : POST "/oauth/check_token", parameters={masked}
2019-06-29 15:13:48,214 DEBUG [http-nio-8088-exec-8] org.springframework.web.servlet.mvc.method.annotation.RequestResponseBodyMethodProcessor : Using 'application/json', given [application/json, application/*+json] and supported [application/json, application/*+json, application/json, application/*+json]
2019-06-29 15:13:48,215 DEBUG [http-nio-8088-exec-8] org.springframework.web.servlet.mvc.method.annotation.RequestResponseBodyMethodProcessor : Writing [{aud=[oauth], user_name=ramtest, scope=[read, write], active=true, exp=1561836585, authorities=[USER (truncated)...]
2019-06-29 15:13:48,217 DEBUG [http-nio-8088-exec-8] org.springframework.web.servlet.DispatcherServlet : Completed 200 OK
2019-06-29 15:23:14,105 DEBUG [http-nio-8088-exec-1] org.springframework.web.servlet.DispatcherServlet : POST "/oauth/check_token", parameters={masked}
2019-06-29 15:23:14,112 DEBUG [http-nio-8088-exec-1] org.springframework.web.servlet.mvc.method.annotation.RequestResponseBodyMethodProcessor : Using 'application/json', given [application/json, application/*+json] and supported [application/json, application/*+json, application/json, application/*+json]
2019-06-29 15:23:14,114 DEBUG [http-nio-8088-exec-1] org.springframework.web.servlet.mvc.method.annotation.RequestResponseBodyMethodProcessor : Writing [{aud=[oauth], user_name=ramtest, scope=[read, write], active=true, exp=1561836585, authorities=[USER (truncated)...]
2019-06-29 15:23:14,116 DEBUG [http-nio-8088-exec-1] org.springframework.web.servlet.DispatcherServlet : Completed 200 OK
2019-06-29 15:25:12,357 DEBUG [http-nio-8088-exec-2] org.springframework.web.servlet.DispatcherServlet : POST "/oauth/check_token", parameters={masked}
2019-06-29 15:25:12,367 DEBUG [http-nio-8088-exec-2] org.springframework.web.servlet.mvc.method.annotation.RequestResponseBodyMethodProcessor : Using 'application/json', given [application/json, application/*+json] and supported [application/json, application/*+json, application/json, application/*+json]
2019-06-29 15:25:12,370 DEBUG [http-nio-8088-exec-2] org.springframework.web.servlet.mvc.method.annotation.RequestResponseBodyMethodProcessor : Writing [{aud=[oauth], user_name=ramtest, scope=[read, write], active=true, exp=1561836585, authorities=[USER (truncated)...]
2019-06-29 15:25:12,375 DEBUG [http-nio-8088-exec-2] org.springframework.web.servlet.DispatcherServlet : Completed 200 OK
2019-06-29 15:37:37,251 INFO  [Thread-6] org.springframework.scheduling.concurrent.ThreadPoolTaskExecutor : Shutting down ExecutorService 'applicationTaskExecutor'
2019-06-29 15:37:37,264 INFO  [Thread-6] org.mongodb.driver.connection : Closed connection [connectionId{localValue:2, serverValue:403}] to 127.0.0.1:27017 because the pool has been closed.
2019-06-29 15:37:54,706 INFO  [main] com.stock.oauth2.authserver.AuthServer : No active profile set, falling back to default profiles: default
2019-06-29 15:37:55,752 INFO  [main] org.springframework.data.repository.config.RepositoryConfigurationDelegate : Bootstrapping Spring Data repositories in DEFAULT mode.
2019-06-29 15:37:55,775 INFO  [main] org.springframework.data.repository.config.RepositoryConfigurationDelegate : Finished Spring Data repository scanning in 17ms. Found 0 repository interfaces.
2019-06-29 15:37:56,049 INFO  [main] org.springframework.cloud.context.scope.GenericScope : BeanFactory id=d0919173-7f78-35e1-8de5-5fe68f854f36
2019-06-29 15:37:56,112 INFO  [main] org.springframework.context.support.PostProcessorRegistrationDelegate$BeanPostProcessorChecker : Bean 'org.springframework.cloud.autoconfigure.ConfigurationPropertiesRebinderAutoConfiguration' of type [org.springframework.cloud.autoconfigure.ConfigurationPropertiesRebinderAutoConfiguration$$EnhancerBySpringCGLIB$$2d6d1fce] is not eligible for getting processed by all BeanPostProcessors (for example: not eligible for auto-proxying)
2019-06-29 15:37:56,525 INFO  [main] org.springframework.boot.web.embedded.tomcat.TomcatWebServer : Tomcat initialized with port(s): 8088 (http)
2019-06-29 15:37:56,571 INFO  [main] org.apache.catalina.core.StandardService : Starting service [Tomcat]
2019-06-29 15:37:56,571 INFO  [main] org.apache.catalina.core.StandardEngine : Starting Servlet engine: [Apache Tomcat/9.0.19]
2019-06-29 15:37:56,737 INFO  [main] org.apache.catalina.core.ContainerBase.[Tomcat].[localhost].[/] : Initializing Spring embedded WebApplicationContext
2019-06-29 15:37:56,738 DEBUG [main] org.springframework.web.context.ContextLoader : Published root WebApplicationContext as ServletContext attribute with name [org.springframework.web.context.WebApplicationContext.ROOT]
2019-06-29 15:37:56,739 INFO  [main] org.springframework.web.context.ContextLoader : Root WebApplicationContext: initialization completed in 2008 ms
2019-06-29 15:37:57,248 INFO  [main] org.mongodb.driver.cluster : Cluster created with settings {hosts=[127.0.0.1:27017], mode=MULTIPLE, requiredClusterType=UNKNOWN, serverSelectionTimeout='30000 ms', maxWaitQueueSize=500}
2019-06-29 15:37:57,249 INFO  [main] org.mongodb.driver.cluster : Adding discovered server 127.0.0.1:27017 to client view of cluster
2019-06-29 15:37:57,327 INFO  [cluster-ClusterId{value='5d17387d3dbfb86703d83a54', description='null'}-127.0.0.1:27017] org.mongodb.driver.connection : Opened connection [connectionId{localValue:1, serverValue:734}] to 127.0.0.1:27017
2019-06-29 15:37:57,348 INFO  [cluster-ClusterId{value='5d17387d3dbfb86703d83a54', description='null'}-127.0.0.1:27017] org.mongodb.driver.cluster : Monitor thread successfully connected to server with description ServerDescription{address=127.0.0.1:27017, type=STANDALONE, state=CONNECTED, ok=true, version=ServerVersion{versionList=[4, 0, 7]}, minWireVersion=0, maxWireVersion=7, maxDocumentSize=16777216, logicalSessionTimeoutMinutes=30, roundTripTimeNanos=5380822}
2019-06-29 15:37:57,380 INFO  [cluster-ClusterId{value='5d17387d3dbfb86703d83a54', description='null'}-127.0.0.1:27017] org.mongodb.driver.cluster : Discovered cluster type of STANDALONE
2019-06-29 15:37:58,154 INFO  [main] com.stock.oauth2.authserver.conf.OAuthTokenStoreConfig : Initializing with Mongo token store ...
2019-06-29 15:37:58,888 INFO  [main] org.mongodb.driver.connection : Opened connection [connectionId{localValue:2, serverValue:735}] to 127.0.0.1:27017
2019-06-29 15:37:59,729 DEBUG [main] org.springframework.web.servlet.handler.SimpleUrlHandlerMapping : Patterns [/**/favicon.ico] in 'faviconHandlerMapping'
2019-06-29 15:37:59,933 INFO  [main] org.springframework.scheduling.concurrent.ThreadPoolTaskExecutor : Initializing ExecutorService 'applicationTaskExecutor'
2019-06-29 15:37:59,950 DEBUG [main] org.springframework.web.servlet.mvc.method.annotation.RequestMappingHandlerAdapter : ControllerAdvice beans: 0 @ModelAttribute, 0 @InitBinder, 1 RequestBodyAdvice, 1 ResponseBodyAdvice
2019-06-29 15:38:00,048 DEBUG [main] org.springframework.web.servlet.mvc.method.annotation.RequestMappingHandlerMapping : 2 mappings in 'requestMappingHandlerMapping'
2019-06-29 15:38:00,072 DEBUG [main] org.springframework.web.servlet.handler.SimpleUrlHandlerMapping : Patterns [/webjars/**, /**] in 'resourceHandlerMapping'
2019-06-29 15:38:00,091 DEBUG [main] org.springframework.web.servlet.mvc.method.annotation.ExceptionHandlerExceptionResolver : ControllerAdvice beans: 0 @ExceptionHandler, 1 ResponseBodyAdvice
2019-06-29 15:38:00,665 INFO  [main] org.springframework.security.web.DefaultSecurityFilterChain : Creating filter chain: OrRequestMatcher [requestMatchers=[Ant [pattern='/oauth/token'], Ant [pattern='/oauth/token_key'], Ant [pattern='/oauth/check_token']]], [org.springframework.security.web.context.request.async.WebAsyncManagerIntegrationFilter@24e7e5b6, org.springframework.security.web.context.SecurityContextPersistenceFilter@3c66d751, org.springframework.security.web.header.HeaderWriterFilter@1bd04813, org.springframework.security.web.authentication.logout.LogoutFilter@1580b97, org.springframework.security.oauth2.provider.client.ClientCredentialsTokenEndpointFilter@2a7b7e8e, org.springframework.security.web.authentication.www.BasicAuthenticationFilter@6c5dbfc8, org.springframework.security.web.savedrequest.RequestCacheAwareFilter@39c374d4, org.springframework.security.web.servletapi.SecurityContextHolderAwareRequestFilter@1330ad98, org.springframework.security.web.authentication.AnonymousAuthenticationFilter@2a0c3d86, org.springframework.security.web.session.SessionManagementFilter@8b0d7ce, org.springframework.security.web.access.ExceptionTranslationFilter@743a28b6, org.springframework.security.web.access.intercept.FilterSecurityInterceptor@547e7a87]
2019-06-29 15:38:00,672 INFO  [main] org.springframework.security.web.DefaultSecurityFilterChain : Creating filter chain: any request, [org.springframework.security.web.context.request.async.WebAsyncManagerIntegrationFilter@71a6a4fc, org.springframework.security.web.context.SecurityContextPersistenceFilter@6d815a53, org.springframework.security.web.header.HeaderWriterFilter@5b132141, org.springframework.security.web.csrf.CsrfFilter@18845eb2, org.springframework.security.web.authentication.logout.LogoutFilter@161227af, org.springframework.security.web.savedrequest.RequestCacheAwareFilter@6ef59f7, org.springframework.security.web.servletapi.SecurityContextHolderAwareRequestFilter@44346942, org.springframework.security.web.authentication.AnonymousAuthenticationFilter@dfa6bde, org.springframework.security.web.session.SessionManagementFilter@61266a49, org.springframework.security.web.access.ExceptionTranslationFilter@2499e38f]
2019-06-29 15:38:00,701 INFO  [main] org.springframework.boot.actuate.endpoint.web.EndpointLinksResolver : Exposing 2 endpoint(s) beneath base path '/actuator'
2019-06-29 15:38:00,961 INFO  [main] org.springframework.boot.web.embedded.tomcat.TomcatWebServer : Tomcat started on port(s): 8088 (http) with context path ''
2019-06-29 15:38:00,965 INFO  [main] com.stock.oauth2.authserver.AuthServer : Started AuthServer in 8.451 seconds (JVM running for 17.766)
2019-06-29 15:41:33,881 INFO  [Thread-6] org.springframework.scheduling.concurrent.ThreadPoolTaskExecutor : Shutting down ExecutorService 'applicationTaskExecutor'
2019-06-29 15:41:33,894 INFO  [Thread-6] org.mongodb.driver.connection : Closed connection [connectionId{localValue:2, serverValue:735}] to 127.0.0.1:27017 because the pool has been closed.
2019-06-29 15:41:53,046 INFO  [main] com.stock.oauth2.authserver.AuthServer : No active profile set, falling back to default profiles: default
2019-06-29 15:41:53,978 INFO  [main] org.springframework.data.repository.config.RepositoryConfigurationDelegate : Bootstrapping Spring Data repositories in DEFAULT mode.
2019-06-29 15:41:54,011 INFO  [main] org.springframework.data.repository.config.RepositoryConfigurationDelegate : Finished Spring Data repository scanning in 19ms. Found 0 repository interfaces.
2019-06-29 15:41:54,260 INFO  [main] org.springframework.cloud.context.scope.GenericScope : BeanFactory id=d0919173-7f78-35e1-8de5-5fe68f854f36
2019-06-29 15:41:54,327 INFO  [main] org.springframework.context.support.PostProcessorRegistrationDelegate$BeanPostProcessorChecker : Bean 'org.springframework.cloud.autoconfigure.ConfigurationPropertiesRebinderAutoConfiguration' of type [org.springframework.cloud.autoconfigure.ConfigurationPropertiesRebinderAutoConfiguration$$EnhancerBySpringCGLIB$$eb176cc6] is not eligible for getting processed by all BeanPostProcessors (for example: not eligible for auto-proxying)
2019-06-29 15:41:54,666 INFO  [main] org.springframework.boot.web.embedded.tomcat.TomcatWebServer : Tomcat initialized with port(s): 8088 (http)
2019-06-29 15:41:54,711 INFO  [main] org.apache.catalina.core.StandardService : Starting service [Tomcat]
2019-06-29 15:41:54,713 INFO  [main] org.apache.catalina.core.StandardEngine : Starting Servlet engine: [Apache Tomcat/9.0.19]
2019-06-29 15:41:54,885 INFO  [main] org.apache.catalina.core.ContainerBase.[Tomcat].[localhost].[/] : Initializing Spring embedded WebApplicationContext
2019-06-29 15:41:54,886 DEBUG [main] org.springframework.web.context.ContextLoader : Published root WebApplicationContext as ServletContext attribute with name [org.springframework.web.context.WebApplicationContext.ROOT]
2019-06-29 15:41:54,886 INFO  [main] org.springframework.web.context.ContextLoader : Root WebApplicationContext: initialization completed in 1819 ms
2019-06-29 15:41:55,410 INFO  [main] org.mongodb.driver.cluster : Cluster created with settings {hosts=[127.0.0.1:27017], mode=MULTIPLE, requiredClusterType=UNKNOWN, serverSelectionTimeout='30000 ms', maxWaitQueueSize=500}
2019-06-29 15:41:55,411 INFO  [main] org.mongodb.driver.cluster : Adding discovered server 127.0.0.1:27017 to client view of cluster
2019-06-29 15:41:55,514 INFO  [cluster-ClusterId{value='5d17396b09e4d624dbf87325', description='null'}-127.0.0.1:27017] org.mongodb.driver.connection : Opened connection [connectionId{localValue:1, serverValue:736}] to 127.0.0.1:27017
2019-06-29 15:41:55,528 INFO  [cluster-ClusterId{value='5d17396b09e4d624dbf87325', description='null'}-127.0.0.1:27017] org.mongodb.driver.cluster : Monitor thread successfully connected to server with description ServerDescription{address=127.0.0.1:27017, type=STANDALONE, state=CONNECTED, ok=true, version=ServerVersion{versionList=[4, 0, 7]}, minWireVersion=0, maxWireVersion=7, maxDocumentSize=16777216, logicalSessionTimeoutMinutes=30, roundTripTimeNanos=9375288}
2019-06-29 15:41:55,530 INFO  [cluster-ClusterId{value='5d17396b09e4d624dbf87325', description='null'}-127.0.0.1:27017] org.mongodb.driver.cluster : Discovered cluster type of STANDALONE
2019-06-29 15:41:56,629 INFO  [main] com.stock.oauth2.authserver.conf.OAuthTokenStoreConfig : Initializing with Mongo token store ...
2019-06-29 15:41:56,864 INFO  [main] org.mongodb.driver.connection : Opened connection [connectionId{localValue:2, serverValue:737}] to 127.0.0.1:27017
2019-06-29 15:41:57,485 DEBUG [main] org.springframework.web.servlet.handler.SimpleUrlHandlerMapping : Patterns [/**/favicon.ico] in 'faviconHandlerMapping'
2019-06-29 15:41:57,622 INFO  [main] org.springframework.scheduling.concurrent.ThreadPoolTaskExecutor : Initializing ExecutorService 'applicationTaskExecutor'
2019-06-29 15:41:57,634 DEBUG [main] org.springframework.web.servlet.mvc.method.annotation.RequestMappingHandlerAdapter : ControllerAdvice beans: 0 @ModelAttribute, 0 @InitBinder, 1 RequestBodyAdvice, 1 ResponseBodyAdvice
2019-06-29 15:41:57,697 DEBUG [main] org.springframework.web.servlet.mvc.method.annotation.RequestMappingHandlerMapping : 2 mappings in 'requestMappingHandlerMapping'
2019-06-29 15:41:57,716 DEBUG [main] org.springframework.web.servlet.handler.SimpleUrlHandlerMapping : Patterns [/webjars/**, /**] in 'resourceHandlerMapping'
2019-06-29 15:41:57,731 DEBUG [main] org.springframework.web.servlet.mvc.method.annotation.ExceptionHandlerExceptionResolver : ControllerAdvice beans: 0 @ExceptionHandler, 1 ResponseBodyAdvice
2019-06-29 15:41:58,302 INFO  [main] org.springframework.security.web.DefaultSecurityFilterChain : Creating filter chain: OrRequestMatcher [requestMatchers=[Ant [pattern='/oauth/token'], Ant [pattern='/oauth/token_key'], Ant [pattern='/oauth/check_token']]], [org.springframework.security.web.context.request.async.WebAsyncManagerIntegrationFilter@6f02060e, org.springframework.security.web.context.SecurityContextPersistenceFilter@5dbb37b6, org.springframework.security.web.header.HeaderWriterFilter@3df0d650, org.springframework.security.web.authentication.logout.LogoutFilter@7205e032, org.springframework.security.oauth2.provider.client.ClientCredentialsTokenEndpointFilter@5442b2c7, org.springframework.security.web.authentication.www.BasicAuthenticationFilter@45d33957, org.springframework.security.web.savedrequest.RequestCacheAwareFilter@1057a4eb, org.springframework.security.web.servletapi.SecurityContextHolderAwareRequestFilter@60f6517a, org.springframework.security.web.authentication.AnonymousAuthenticationFilter@7100fe9f, org.springframework.security.web.session.SessionManagementFilter@65b67029, org.springframework.security.web.access.ExceptionTranslationFilter@9a80e81, org.springframework.security.web.access.intercept.FilterSecurityInterceptor@1a1700a8]
2019-06-29 15:41:58,309 INFO  [main] org.springframework.security.web.DefaultSecurityFilterChain : Creating filter chain: any request, [org.springframework.security.web.context.request.async.WebAsyncManagerIntegrationFilter@2b85d832, org.springframework.security.web.context.SecurityContextPersistenceFilter@4e3a270f, org.springframework.security.web.header.HeaderWriterFilter@11058b2d, org.springframework.security.web.csrf.CsrfFilter@dff96cc, org.springframework.security.web.authentication.logout.LogoutFilter@341883e1, org.springframework.security.web.savedrequest.RequestCacheAwareFilter@7ea86b5c, org.springframework.security.web.servletapi.SecurityContextHolderAwareRequestFilter@4349db47, org.springframework.security.web.authentication.AnonymousAuthenticationFilter@164ab495, org.springframework.security.web.session.SessionManagementFilter@4ad7ae29, org.springframework.security.web.access.ExceptionTranslationFilter@7b597f73]
2019-06-29 15:41:58,336 INFO  [main] org.springframework.boot.actuate.endpoint.web.EndpointLinksResolver : Exposing 2 endpoint(s) beneath base path '/actuator'
2019-06-29 15:41:58,540 INFO  [main] org.springframework.boot.web.embedded.tomcat.TomcatWebServer : Tomcat started on port(s): 8088 (http) with context path ''
2019-06-29 15:41:58,545 INFO  [main] com.stock.oauth2.authserver.AuthServer : Started AuthServer in 7.521 seconds (JVM running for 13.206)
2019-06-29 15:44:40,350 INFO  [http-nio-8088-exec-1] org.apache.catalina.core.ContainerBase.[Tomcat].[localhost].[/] : Initializing Spring DispatcherServlet 'dispatcherServlet'
2019-06-29 15:44:40,353 INFO  [http-nio-8088-exec-1] org.springframework.web.servlet.DispatcherServlet : Initializing Servlet 'dispatcherServlet'
2019-06-29 15:44:40,355 DEBUG [http-nio-8088-exec-1] org.springframework.web.servlet.DispatcherServlet : Detected StandardServletMultipartResolver
2019-06-29 15:44:40,454 DEBUG [http-nio-8088-exec-1] org.springframework.web.servlet.DispatcherServlet : enableLoggingRequestDetails='false': request parameters and headers will be masked to prevent unsafe logging of potentially sensitive data
2019-06-29 15:44:40,466 INFO  [http-nio-8088-exec-1] org.springframework.web.servlet.DispatcherServlet : Completed initialization in 111 ms
2019-06-29 15:44:40,942 DEBUG [http-nio-8088-exec-1] org.springframework.web.servlet.DispatcherServlet : POST "/oauth/check_token", parameters={masked}
2019-06-29 15:44:40,989 DEBUG [http-nio-8088-exec-1] org.springframework.web.servlet.mvc.method.annotation.ExceptionHandlerExceptionResolver : Using @ExceptionHandler org.springframework.security.oauth2.provider.endpoint.CheckTokenEndpoint#handleException(Exception)
2019-06-29 15:44:41,000 INFO  [http-nio-8088-exec-1] org.springframework.security.oauth2.provider.endpoint.CheckTokenEndpoint : Handling error: InvalidTokenException, Token was not recognised
2019-06-29 15:44:41,069 DEBUG [http-nio-8088-exec-1] org.springframework.web.servlet.mvc.method.annotation.HttpEntityMethodProcessor : Using 'application/json', given [application/json, application/*+json] and supported [application/json, application/*+json, application/json, application/*+json]
2019-06-29 15:44:41,072 DEBUG [http-nio-8088-exec-1] org.springframework.web.servlet.mvc.method.annotation.HttpEntityMethodProcessor : Writing [error="invalid_token", error_description="Token was not recognised"]
2019-06-29 15:44:41,105 DEBUG [http-nio-8088-exec-1] org.springframework.web.servlet.mvc.method.annotation.ExceptionHandlerExceptionResolver : Resolved [error="invalid_token", error_description="Token was not recognised"]
2019-06-29 15:44:41,146 DEBUG [http-nio-8088-exec-1] org.springframework.web.servlet.DispatcherServlet : Completed 400 BAD_REQUEST
2019-06-29 15:44:50,984 DEBUG [http-nio-8088-exec-3] org.springframework.web.servlet.DispatcherServlet : "ERROR" dispatch for POST "/error", parameters={masked}
2019-06-29 15:44:50,988 DEBUG [http-nio-8088-exec-3] org.springframework.web.servlet.mvc.method.annotation.RequestMappingHandlerMapping : Mapped to org.springframework.boot.autoconfigure.web.servlet.error.BasicErrorController#error(HttpServletRequest)
2019-06-29 15:44:51,005 DEBUG [http-nio-8088-exec-3] org.springframework.web.servlet.mvc.method.annotation.HttpEntityMethodProcessor : Using 'application/json', given [*/*] and supported [application/json, application/*+json, application/json, application/*+json]
2019-06-29 15:44:51,006 DEBUG [http-nio-8088-exec-3] org.springframework.web.servlet.mvc.method.annotation.HttpEntityMethodProcessor : Writing [{timestamp=Sat Jun 29 15:44:50 IST 2019, status=401, error=Unauthorized, message=Unauthorized, path= (truncated)...]
2019-06-29 15:44:51,038 DEBUG [http-nio-8088-exec-3] org.springframework.web.servlet.DispatcherServlet : Exiting from "ERROR" dispatch, status 401
2019-06-29 15:45:12,892 DEBUG [http-nio-8088-exec-4] org.springframework.web.servlet.DispatcherServlet : POST "/oauth/token", parameters={masked}
2019-06-29 15:45:13,632 DEBUG [http-nio-8088-exec-4] org.springframework.web.servlet.mvc.method.annotation.HttpEntityMethodProcessor : Found 'Content-Type:application/json;charset=UTF-8' in response
2019-06-29 15:45:13,636 DEBUG [http-nio-8088-exec-4] org.springframework.web.servlet.mvc.method.annotation.HttpEntityMethodProcessor : Writing [83728ae1-e38b-418d-9c91-49c3547c9679]
2019-06-29 15:45:13,641 DEBUG [http-nio-8088-exec-4] org.springframework.web.servlet.DispatcherServlet : Completed 200 OK
2019-06-29 15:45:31,114 DEBUG [http-nio-8088-exec-5] org.springframework.web.servlet.DispatcherServlet : POST "/oauth/check_token", parameters={masked}
2019-06-29 15:45:31,143 DEBUG [http-nio-8088-exec-5] org.springframework.web.servlet.mvc.method.annotation.RequestResponseBodyMethodProcessor : Using 'application/json', given [application/json, application/*+json] and supported [application/json, application/*+json, application/json, application/*+json]
2019-06-29 15:45:31,147 DEBUG [http-nio-8088-exec-5] org.springframework.web.servlet.mvc.method.annotation.RequestResponseBodyMethodProcessor : Writing [{aud=[oauth], user_name=ram, scope=[other, read, write], active=true, exp=1561846513, authorities=[A (truncated)...]
2019-06-29 15:45:31,154 DEBUG [http-nio-8088-exec-5] org.springframework.web.servlet.DispatcherServlet : Completed 200 OK
2019-06-29 15:50:40,290 INFO  [Thread-6] org.springframework.scheduling.concurrent.ThreadPoolTaskExecutor : Shutting down ExecutorService 'applicationTaskExecutor'
2019-06-29 15:50:40,295 INFO  [Thread-6] org.mongodb.driver.connection : Closed connection [connectionId{localValue:2, serverValue:737}] to 127.0.0.1:27017 because the pool has been closed.
2019-06-29 15:50:55,166 INFO  [main] com.stock.oauth2.authserver.AuthServer : No active profile set, falling back to default profiles: default
2019-06-29 15:50:56,708 INFO  [main] org.springframework.data.repository.config.RepositoryConfigurationDelegate : Bootstrapping Spring Data repositories in DEFAULT mode.
2019-06-29 15:50:56,780 INFO  [main] org.springframework.data.repository.config.RepositoryConfigurationDelegate : Finished Spring Data repository scanning in 63ms. Found 0 repository interfaces.
2019-06-29 15:50:57,075 INFO  [main] org.springframework.cloud.context.scope.GenericScope : BeanFactory id=d0919173-7f78-35e1-8de5-5fe68f854f36
2019-06-29 15:50:57,143 INFO  [main] org.springframework.context.support.PostProcessorRegistrationDelegate$BeanPostProcessorChecker : Bean 'org.springframework.cloud.autoconfigure.ConfigurationPropertiesRebinderAutoConfiguration' of type [org.springframework.cloud.autoconfigure.ConfigurationPropertiesRebinderAutoConfiguration$$EnhancerBySpringCGLIB$$1e105b8a] is not eligible for getting processed by all BeanPostProcessors (for example: not eligible for auto-proxying)
2019-06-29 15:50:57,504 INFO  [main] org.springframework.boot.web.embedded.tomcat.TomcatWebServer : Tomcat initialized with port(s): 8088 (http)
2019-06-29 15:50:57,556 INFO  [main] org.apache.catalina.core.StandardService : Starting service [Tomcat]
2019-06-29 15:50:57,557 INFO  [main] org.apache.catalina.core.StandardEngine : Starting Servlet engine: [Apache Tomcat/9.0.19]
2019-06-29 15:50:57,752 INFO  [main] org.apache.catalina.core.ContainerBase.[Tomcat].[localhost].[/] : Initializing Spring embedded WebApplicationContext
2019-06-29 15:50:57,752 DEBUG [main] org.springframework.web.context.ContextLoader : Published root WebApplicationContext as ServletContext attribute with name [org.springframework.web.context.WebApplicationContext.ROOT]
2019-06-29 15:50:57,753 INFO  [main] org.springframework.web.context.ContextLoader : Root WebApplicationContext: initialization completed in 2551 ms
2019-06-29 15:50:58,318 INFO  [main] org.mongodb.driver.cluster : Cluster created with settings {hosts=[127.0.0.1:27017], mode=MULTIPLE, requiredClusterType=UNKNOWN, serverSelectionTimeout='30000 ms', maxWaitQueueSize=500}
2019-06-29 15:50:58,319 INFO  [main] org.mongodb.driver.cluster : Adding discovered server 127.0.0.1:27017 to client view of cluster
2019-06-29 15:50:58,426 INFO  [cluster-ClusterId{value='5d173b8a28165d798766c5aa', description='null'}-127.0.0.1:27017] org.mongodb.driver.connection : Opened connection [connectionId{localValue:1, serverValue:763}] to 127.0.0.1:27017
2019-06-29 15:50:58,434 INFO  [cluster-ClusterId{value='5d173b8a28165d798766c5aa', description='null'}-127.0.0.1:27017] org.mongodb.driver.cluster : Monitor thread successfully connected to server with description ServerDescription{address=127.0.0.1:27017, type=STANDALONE, state=CONNECTED, ok=true, version=ServerVersion{versionList=[4, 0, 7]}, minWireVersion=0, maxWireVersion=7, maxDocumentSize=16777216, logicalSessionTimeoutMinutes=30, roundTripTimeNanos=4768803}
2019-06-29 15:50:58,443 INFO  [cluster-ClusterId{value='5d173b8a28165d798766c5aa', description='null'}-127.0.0.1:27017] org.mongodb.driver.cluster : Discovered cluster type of STANDALONE
2019-06-29 15:50:59,851 INFO  [main] com.stock.oauth2.authserver.conf.OAuthTokenStoreConfig : Initializing with Mongo token store ...
2019-06-29 15:51:00,136 INFO  [main] org.mongodb.driver.connection : Opened connection [connectionId{localValue:2, serverValue:764}] to 127.0.0.1:27017
2019-06-29 15:51:00,948 DEBUG [main] org.springframework.web.servlet.handler.SimpleUrlHandlerMapping : Patterns [/**/favicon.ico] in 'faviconHandlerMapping'
2019-06-29 15:51:01,103 INFO  [main] org.springframework.scheduling.concurrent.ThreadPoolTaskExecutor : Initializing ExecutorService 'applicationTaskExecutor'
2019-06-29 15:51:01,114 DEBUG [main] org.springframework.web.servlet.mvc.method.annotation.RequestMappingHandlerAdapter : ControllerAdvice beans: 0 @ModelAttribute, 0 @InitBinder, 1 RequestBodyAdvice, 1 ResponseBodyAdvice
2019-06-29 15:51:01,177 DEBUG [main] org.springframework.web.servlet.mvc.method.annotation.RequestMappingHandlerMapping : 2 mappings in 'requestMappingHandlerMapping'
2019-06-29 15:51:01,196 DEBUG [main] org.springframework.web.servlet.handler.SimpleUrlHandlerMapping : Patterns [/webjars/**, /**] in 'resourceHandlerMapping'
2019-06-29 15:51:01,210 DEBUG [main] org.springframework.web.servlet.mvc.method.annotation.ExceptionHandlerExceptionResolver : ControllerAdvice beans: 0 @ExceptionHandler, 1 ResponseBodyAdvice
2019-06-29 15:51:01,851 INFO  [main] org.springframework.security.web.DefaultSecurityFilterChain : Creating filter chain: OrRequestMatcher [requestMatchers=[Ant [pattern='/oauth/token'], Ant [pattern='/oauth/token_key'], Ant [pattern='/oauth/check_token']]], [org.springframework.security.web.context.request.async.WebAsyncManagerIntegrationFilter@1ba69874, org.springframework.security.web.context.SecurityContextPersistenceFilter@4e859cfa, org.springframework.security.web.header.HeaderWriterFilter@12461ce2, org.springframework.security.web.authentication.logout.LogoutFilter@6fe9cbd5, org.springframework.security.oauth2.provider.client.ClientCredentialsTokenEndpointFilter@15b1b6d5, org.springframework.security.web.authentication.www.BasicAuthenticationFilter@36cc3c4b, org.springframework.security.web.savedrequest.RequestCacheAwareFilter@1206a7d0, org.springframework.security.web.servletapi.SecurityContextHolderAwareRequestFilter@425006da, org.springframework.security.web.authentication.AnonymousAuthenticationFilter@5e5e6cb0, org.springframework.security.web.session.SessionManagementFilter@22b40169, org.springframework.security.web.access.ExceptionTranslationFilter@744a6e37, org.springframework.security.web.access.intercept.FilterSecurityInterceptor@74830cb]
2019-06-29 15:51:01,860 INFO  [main] org.springframework.security.web.DefaultSecurityFilterChain : Creating filter chain: any request, [org.springframework.security.web.context.request.async.WebAsyncManagerIntegrationFilter@e61d3ab, org.springframework.security.web.context.SecurityContextPersistenceFilter@4fbdfd63, org.springframework.security.web.header.HeaderWriterFilter@6d143f22, org.springframework.security.web.csrf.CsrfFilter@3928660f, org.springframework.security.web.authentication.logout.LogoutFilter@2e9775ff, org.springframework.security.web.savedrequest.RequestCacheAwareFilter@3e7eb2dc, org.springframework.security.web.servletapi.SecurityContextHolderAwareRequestFilter@725f671e, org.springframework.security.web.authentication.AnonymousAuthenticationFilter@45c268e9, org.springframework.security.web.session.SessionManagementFilter@54d118a2, org.springframework.security.web.access.ExceptionTranslationFilter@6d93943c]
2019-06-29 15:51:01,900 INFO  [main] org.springframework.boot.actuate.endpoint.web.EndpointLinksResolver : Exposing 2 endpoint(s) beneath base path '/actuator'
2019-06-29 15:51:02,160 INFO  [main] org.springframework.boot.web.embedded.tomcat.TomcatWebServer : Tomcat started on port(s): 8088 (http) with context path ''
2019-06-29 15:51:02,165 INFO  [main] com.stock.oauth2.authserver.AuthServer : Started AuthServer in 9.571 seconds (JVM running for 15.288)
2019-06-29 15:52:38,954 INFO  [http-nio-8088-exec-1] org.apache.catalina.core.ContainerBase.[Tomcat].[localhost].[/] : Initializing Spring DispatcherServlet 'dispatcherServlet'
2019-06-29 15:52:38,955 INFO  [http-nio-8088-exec-1] org.springframework.web.servlet.DispatcherServlet : Initializing Servlet 'dispatcherServlet'
2019-06-29 15:52:38,955 DEBUG [http-nio-8088-exec-1] org.springframework.web.servlet.DispatcherServlet : Detected StandardServletMultipartResolver
2019-06-29 15:52:38,970 DEBUG [http-nio-8088-exec-1] org.springframework.web.servlet.DispatcherServlet : enableLoggingRequestDetails='false': request parameters and headers will be masked to prevent unsafe logging of potentially sensitive data
2019-06-29 15:52:38,971 INFO  [http-nio-8088-exec-1] org.springframework.web.servlet.DispatcherServlet : Completed initialization in 16 ms
2019-06-29 15:52:39,175 DEBUG [http-nio-8088-exec-1] org.springframework.web.servlet.DispatcherServlet : POST "/oauth/token", parameters={masked}
2019-06-29 15:52:39,751 DEBUG [http-nio-8088-exec-1] org.springframework.web.servlet.mvc.method.annotation.HttpEntityMethodProcessor : Found 'Content-Type:application/json;charset=UTF-8' in response
2019-06-29 15:52:39,766 DEBUG [http-nio-8088-exec-1] org.springframework.web.servlet.mvc.method.annotation.HttpEntityMethodProcessor : Writing [a9406a50-4ef0-4d83-ba98-aa2f322652d1]
2019-06-29 15:52:39,786 DEBUG [http-nio-8088-exec-1] org.springframework.web.servlet.DispatcherServlet : Completed 200 OK
2019-06-29 15:52:53,292 DEBUG [http-nio-8088-exec-3] org.springframework.web.servlet.DispatcherServlet : POST "/oauth/check_token", parameters={masked}
2019-06-29 15:52:53,372 DEBUG [http-nio-8088-exec-3] org.springframework.web.servlet.mvc.method.annotation.RequestResponseBodyMethodProcessor : Using 'application/json', given [application/json, application/*+json] and supported [application/json, application/*+json, application/json, application/*+json]
2019-06-29 15:52:53,373 DEBUG [http-nio-8088-exec-3] org.springframework.web.servlet.mvc.method.annotation.RequestResponseBodyMethodProcessor : Writing [{aud=[oauth], user_name=ram, scope=[other, read, write], active=true, exp=1561846959, authorities=[A (truncated)...]
2019-06-29 15:52:53,401 DEBUG [http-nio-8088-exec-3] org.springframework.web.servlet.DispatcherServlet : Completed 200 OK
